<?xml version="1.0" encoding="UTF-8"?>
<testsuite name="PangramTest" tests="5" skipped="0" failures="0" errors="0" timestamp="2016-10-10T15:05:32" hostname="rantanplan-mnj" time="0.012">
  <properties/>
  <testcase name="missingCharacterX" classname="PangramTest" time="0.009"/>
  <testcase name="emptySentence" classname="PangramTest" time="0.0"/>
  <testcase name="testLowercasePangram" classname="PangramTest" time="0.0"/>
  <testcase name="mixedCaseAndPunctuation" classname="PangramTest" time="0.0"/>
  <testcase name="nonAsciiCharacters" classname="PangramTest" time="0.0"/>
  <system-out><![CDATA[]]></system-out>
  <system-err><![CDATA[]]></system-err>
</testsuite>
