<?xml version="1.0" encoding="UTF-8"?>
<testsuite name="EtlTest" tests="4" skipped="0" failures="0" errors="0" timestamp="2016-10-10T12:17:04" hostname="rantanplan-mnj" time="0.041">
  <properties/>
  <testcase name="testTransformOneValue" classname="EtlTest" time="0.036"/>
  <testcase name="testTransformMoreValues" classname="EtlTest" time="0.002"/>
  <testcase name="testMoreKeys" classname="EtlTest" time="0.002"/>
  <testcase name="testFullDataset" classname="EtlTest" time="0.001"/>
  <system-out><![CDATA[]]></system-out>
  <system-err><![CDATA[]]></system-err>
</testsuite>
